<?xml version="1.0" encoding="UTF-8"?>
<!-- Generated by org.testng.reporters.JUnitReportReporter -->
<testsuite hostname="DESKTOP-17I485B" name="PageTests.SearcResultPk" tests="1" failures="0" timestamp="4 Nov 2018 14:33:04 GMT" time="23.373" errors="0">
  <testcase name="ResumeContrast" time="23.373" classname="PageTests.SearcResultPk"/>
</testsuite> <!-- PageTests.SearcResultPk -->
