<?xml version="1.0" encoding="UTF-8"?>
<!-- Generated by org.testng.reporters.JUnitReportReporter -->
<testsuite hostname="DESKTOP-17I485B" name="PageTests.Search" tests="1" failures="0" timestamp="4 Nov 2018 12:57:09 GMT" time="114.697" errors="0">
  <testcase name="searchBasics" time="114.697" classname="PageTests.Search"/>
</testsuite> <!-- PageTests.Search -->
