<?xml version="1.0" encoding="UTF-8"?>
<!-- Generated by org.testng.reporters.JUnitReportReporter -->
<testsuite hostname="AUTOBVT-T8OSQDH" name="PageTests.SearchAllButton" tests="1" failures="0" timestamp="2 Nov 2018 12:14:27 GMT" time="58.604" errors="0">
  <testcase name="search" time="58.604" classname="PageTests.SearchAllButton"/>
</testsuite> <!-- PageTests.SearchAllButton -->
