<?xml version="1.0" encoding="UTF-8"?>
<!-- Generated by org.testng.reporters.JUnitReportReporter -->
<testsuite hostname="AUTOBVT-T8OSQDH" name="PageTests.SaveSearchTerms" tests="1" failures="0" timestamp="2 Nov 2018 11:49:23 GMT" time="55.497" errors="0">
  <testcase name="search1" time="55.497" classname="PageTests.SaveSearchTerms"/>
</testsuite> <!-- PageTests.SaveSearchTerms -->
