<?xml version="1.0" encoding="UTF-8"?>
<!-- Generated by org.testng.reporters.JUnitReportReporter -->
<testsuite hostname="AUTOBVT-T8OSQDH" name="PageTests.Forgetpassword" tests="1" failures="0" timestamp="31 Oct 2018 03:19:06 GMT" time="32.575" errors="0">
  <testcase name="testWangjimima" time="32.575" classname="PageTests.Forgetpassword"/>
</testsuite> <!-- PageTests.Forgetpassword -->
