<?xml version="1.0" encoding="UTF-8"?>
<!-- Generated by org.testng.reporters.JUnitReportReporter -->
<testsuite hostname="AUTOBVT-T8OSQDH" name="PageTests.Search1" tests="1" failures="0" timestamp="30 Oct 2018 00:41:36 GMT" time="56.589" errors="0">
  <testcase name="search" time="56.589" classname="PageTests.Search1"/>
</testsuite> <!-- PageTests.Search1 -->
