<?xml version="1.0" encoding="UTF-8"?>
<!-- Generated by org.testng.reporters.JUnitReportReporter -->
<testsuite hostname="AUTOBVT-T8OSQDH" name="PageTests.TempSearch" tests="1" failures="0" timestamp="31 Oct 2018 02:57:57 GMT" time="35.731" errors="0">
  <testcase name="tempSearch" time="35.731" classname="PageTests.TempSearch"/>
</testsuite> <!-- PageTests.TempSearch -->
