<?xml version="1.0" encoding="UTF-8"?>
<!-- Generated by org.testng.reporters.JUnitReportReporter -->
<testsuite hostname="AUTOBVT-T8OSQDH" name="PageTests.SearcResult" tests="1" failures="0" timestamp="31 Oct 2018 07:49:45 GMT" time="21.310" errors="0">
  <testcase name="ResumeContrast" time="21.310" classname="PageTests.SearcResult"/>
</testsuite> <!-- PageTests.SearcResult -->
